# sent_id = 91
# text = Ngakchia na dawi.
# text_en = You chased the child.
1	Ngakchia	ngakchia	NOUN	_	_	3	obj	_	child
2	na	na	PRON	_	Number=Sing|Person=2	3	nsubj	_	you
3	dawi	dawi	VERB	_	_	0	root	_	chase|SpaceAfter=No
4	.	PUNCT	PUNCT	_	_	3	punct	_	_

# sent_id = 269
# text = Mutthai aan pek
# text_en = He gave you a candy
1	Mutthai	mutthai	NOUN	_	_	3	obj	_	candy
2	aan	aan	PRON	_	Number=Sing|Person=2	3	nsubj	_	you
3	pek	pek	VERB	_	_	0	root	_	give

# sent_id = 68
# text = Ruah a sur lo.
# text_en = It is not raining.
1	Ruah	ruah	NOUN	_	_	3	nsubj	_	rain
2	a	a	PRON	_	Number=Sing|Person=3	3	expl	_	3SG
3	sur	sur	VERB	_	_	0	root	_	fall
4	lo	lo	ADV	_	_	3	advmod	_	not|SpaceAfter=No
5	.	PUNCT	PUNCT	_	_	3	punct	_	_

# sent_id = 380
# text = A tung a sang deu maw?
# text_en = Is he taller (than before)?
# comment = from field methods
1	A	a	PRON	_	Number=Sing|Person=3	2	nmod:poss	_	his
2	tung	tung	NOUN	_	_	5	obj	_	stature
3	a	a	PRON	_	Number=Sing|Person=3	5	nsubj	_	3SG
4	sang	sang	PRON	_	Number=Plur|Person=3	5	nsubj	_	tall
5	deu	deu	VERB	_	_	0	root	_	more
6	maw	maw	PART	_	_	5	discourse	_	Q|SpaceAfter=No
7	?	PUNCT	PUNCT	_	_	5	punct	_	_

# sent_id = 264
# text = Na hmuh hna.
# text_en = You see/saw them.
# comment = Bedell 1995 number 26
1	Na	na	PRON	_	Number=Sing|Person=2	2	nsubj	_	you
2	hmuh	hmuh	VERB	_	_	0	root	_	see/saw
3	hna	hna	PRON	_	Number=Plur|Person=3	2	expl	_	them|SpaceAfter=No
4	.	PUNCT	PUNCT	_	_	2	punct	_	_

# sent_id = 266
# text = Zei ruang ah dah caw na hren?
# text_en = Why did you tie the cow?
1	Zei	zei	PRON	_	_	2	nmod:poss	_	what
2	ruang	ruang	NOUN	_	_	7	obj	_	reason
3	ah	ah	ADP	_	_	2	case	_	case
4	dah	dah	PART	_	_	2	compound	_	WH
5	caw	caw	NOUN	_	_	7	obj	_	cow
6	na	na	PRON	_	Number=Sing|Person=2	7	nsubj	_	you
7	hren	hren	VERB	_	_	0	root	_	cow|SpaceAfter=No
8	?	PUNCT	PUNCT	_	_	7	punct	_	_

# sent_id = 153
# text = Na inntung a ngawi
# text_en = your post is crooked
1	Na	na	PRON	_	Number=Sing|Person=2	2	nmod:poss	_	your
2	inntung	inntung	NOUN	_	_	4	nsubj	_	post
3	a	a	PRON	_	Number=Sing|Person=3	4	expl	_	expl
4	ngawi	ngawi	VERB	_	_	0	root	_	crooked

# sent_id = 107
# text = Hi uico cu a lian.
# text_en = This dog is big.
1	Hi	hi	DET	_	_	2	det	_	this
2	uico	uico	NOUN	_	_	5	nsubj	_	dog
3	cu	cu	PART	_	_	2	discourse	_	TOP
4	a	a	PRON	_	Number=Sing|Person=3	5	expl	_	3SG
5	lian	lian	VERB	_	_	0	root	_	big|SpaceAfter=No
6	.	PUNCT	PUNCT	_	_	5	punct	_	_

# sent_id = 77
# text = Sibawi a si lo.
# text_en = He is not a doctor.
1	Sibawi	sibawi	NOUN	_	_	0	root	_	doctor
2	a	a	PRON	_	Number=Sing|Person=3	1	nsubj	_	he
3	si	si	AUX	_	_	1	cop	_	is
4	lo	lo	ADV	_	_	1	advmod	_	not|SpaceAfter=No
5	.	PUNCT	PUNCT	_	_	1	punct	_	_

# sent_id = 37
# text = Siangngakchia pawl sianginn an kai
# text_en = The students go to school.
1	Siangngakchia	siangngakchia	NOUN	_	_	5	obj	_	student
2	pawl	pawl	PART	_	_	1	case	_	PL
3	sianginn	sianginn	NOUN	_	_	5	obj	_	school
4	an	an	PRON	_	Number=Plur|Person=3	5	nsubj	_	3PL
5	kai	kai	VERB	_	_	0	root	_	go

# sent_id = 189
# text = Orhlei ah naa mer lai
# text_en = you will turn to the right
1	Orhlei	orhlei	NOUN	_	_	4	obj	_	right
2	ah	ah	ADP	_	_	1	case	_	LOC
3	naa	na	PRON	_	Number=Sing|Person=2	4	nsubj	_	you
4	mer	mer	VERB	_	_	0	root	_	turn
5	lai	lai	AUX	_	_	4	aux	_	will

# sent_id = 281
# text = Na nu nih ngakchia pa a tuk
# text_en = Your mom hit the boy
1	Na	na	PRON	_	Number=Sing|Person=2	2	nmod:poss	_	your
2	nu	nu	NOUN	_	_	7	nsubj	_	mother
3	nih	nih	ADP	_	_	2	case	_	ERG
4	ngakchia	ngakchia	ADJ	NOUN	_	7	nsubj	_	child
5	pa	pa	PART	NOUN	Gender=Masc	4	case	_	male
6	a	a	PRON	_	Number=Sing|Person=3	7	expl	_	expl
7	tuk	tuk	VERB	_	_	0	root	_	hit

# sent_id = 247
# text = Hma na ngei maw?
# text_en = Do you have an open wound?
1	Hma	hma	NOUN	_	_	3	obj	_	sore
2	na	na	PRON	_	Number=Sing|Person=2	3	nsubj	_	you
3	ngei	ngei	VERB	_	_	0	root	_	have
4	maw	maw	PART	_	_	3	discourse	_	Q|SpaceAfter=No
5	?	PUNCT	PUNCT	_	_	3	punct	_	_

# sent_id = 202
# text = Inn ah mi an um maw?
# text_en = are there anyone at the house?
1	Inn	inn	NOUN	_	_	5	obj	_	house
2	ah	ah	ADP	_	_	1	case	_	at
3	mi	mi	DET	_	_	1	det	_	person
4	an	an	PRON	_	Number=Plur|Person=3	5	nsubj	_	expl
5	um	um	VERB	_	_	0	root	_	present
6	maw	maw	PART	_	_	5	discourse	_	Q|SpaceAfter=No
7	?	PUNCT	PUNCT	_	_	5	punct	_	_

# sent_id = 267
# text = Zei tik ah dah caw na hren?
# text_en = When did you tie the cow?
1	Zei	zei	PRON	_	_	2	nmod:poss	_	what
2	tik	tick	NOUN	_	_	7	obj	_	time
3	ah	ah	ADP	_	_	2	case	_	case
4	dah	dah	PART	_	_	2	compound	_	WH
5	caw	caw	NOUN	_	_	7	obj	_	cow
6	na	na	PRON	_	Number=Sing|Person=2	7	nsubj	_	you
7	hren	hren	VERB	_	_	0	root	_	tie|SpaceAfter=No
8	?	PUNCT	PUNCT	_	_	7	punct	_	_

# sent_id = 383
# text = Ngakchia nang dawi.
# text_en = Y'all chased the child.
# comment = from field methods
1	Ngakchia	ngakchia	NOUN	_	_	3	obj	_	child
2	nang	nang	PRON	_	Number=Plur|Person=3	3	nsubj	_	y'all
3	dawi	dawi	VERB	_	_	0	root	_	chase|SpaceAfter=No
4	.	PUNCT	PUNCT	_	_	3	punct	_	_

# sent_id = 392
# text = Ka kal.
# text_en = I go/went.
# comment = Bedell 1995 number 1
1	Ka	ka	PRON	_	Number=Sing|Person=1	2	nsubj	_	I
2	kal	kal	VERB	_	_	0	root	_	go|SpaceAfter=No
3	.	PUNCT	PUNCT	_	_	2	punct	_	_

# sent_id = 310
# text = Thlalangawng a khar maw?
# text_en = did he shut the window?
1	Thlalangawng	thlalangawng	NOUN	_	_	3	obj	_	window
2	a	a	PRON	_	Number=Sing|Person=3	3	nsubj	_	he
3	khar	khar	VERB	_	_	0	root	_	shut
4	maw	maw	PART	_	_	3	discourse	_	Q|SpaceAfter=No
5	?	PUNCT	PUNCT	_	_	3	punct	_	_

# sent_id = 14
# text = Ka raang
# text_en = I'm white.
1	Ka	ka	PRON	_	Number=Sing|Person=1	2	nsubj	_	I
2	raang	raang	ADJ	_	_	0	root	_	white

# sent_id = 156
# text = Ngakchia nu a ttap
# text_en = a girl cries
1	Ngakchia	ngakchia	NOUN	ADJ	_	2	nmod:poss	_	child
2	nu	nu	NOUN	_	_	4	nsubj	_	female
3	a	a	PRON	_	Number=Sing|Person=3	4	expl	_	expl
4	ttap	ttap	VERB	_	_	0	root	_	cry

# sent_id = 157
# text = Ka nu ka ngai
# text_en = I miss my mother
1	Ka	ka	PRON	_	Number=Sing|Person=1	2	nmod:poss	_	my
2	nu	nu	NOUN	_	_	4	obj	_	mother
3	ka	ka	PRON	_	Number=Sing|Person=1	4	nsubj	_	I
4	ngai	ngai	VERB	_	_	0	root	_	miss

# sent_id = 144
# text = Ti a nawi
# text_en = the water is muddy
1	Ti	ti	NOUN	_	_	3	obj	_	water
2	a	a	PRON	_	Number=Sing|Person=3	3	expl	_	expl
3	nawi	nawi	VERB	_	_	0	root	_	muddy

# sent_id = 307
# text = Hla ka sa
# text_en = I sang a song
1	Hla	hla	NOUN	_	_	3	obj	_	song
2	ka	ka	PRON	_	Number=Sing|Person=1	3	nsubj	_	I
3	sa	sa	VERB	_	_	0	root	_	sing

# sent_id = 105
# text = Amah nu nih a kan hmuh.
# text_en = She saw us.
1	Amah	amah	PRON	_	Gender=Fem|Number=Sing|Person=3	6	nsubj	_	she
2	nu	nu	PART	NOUN	Gender=Fem	6	obj	_	female
3	nih	nih	ADP	_	_	6	obj	_	ERG
4	a	a	PRON	_	_	6	obj	_	3SG
5	kan	kan	PRON	_	Number=Plur|Person=1	6	nsubj	_	us
6	hmuh	hmuh	VERB	_	_	0	root	_	see|SpaceAfter=No
7	.	PUNCT	PUNCT	_	_	6	punct	_	_

# sent_id = 254
# text = Peng cu a it cang
# text_en = Peng started to sleep
1	Peng	Peng	NOUN	_	_	4	nsubj	_	Peng
2	cu	cu	PART	_	_	1	discourse	_	TOP
3	a	a	PRON	_	Number=Sing|Person=3	4	expl	_	expl
4	it	it	VERB	_	_	0	root	_	sleep
5	cang	cang	ADV	_	_	4	advmod	_	completed action

# sent_id = 319
# text = Bawlung a hrilh maw?
# text_en = did he roll the ball?
1	Bawlung	bawlung	NOUN	_	_	3	obj	_	ball
2	a	a	PRON	_	Number=Sing|Person=3	3	nsubj	_	he
3	hrilh	hrilh	VERB	_	_	0	root	_	roll
4	maw	maw	PART	_	_	3	discourse	_	Q|SpaceAfter=No
5	?	PUNCT	PUNCT	_	_	3	punct	_	_

# sent_id = 163
# text = A mit a ku
# text_en = he is sleepy
1	A	a	PRON	_	Number=Sing|Person=3	2	nmod:poss	_	his
2	mit	mit	NOUN	_	_	4	nsubj	_	eyes
3	a	a	PRON	_	_	4	expl	_	expl
4	ku	ku	VERB	_	_	0	root	_	sleepy

# sent_id = 72
# text = Hi vok hi a lian.
# text_en = This pig is big.
1	Hi	hi	DET	_	_	2	det	_	this
2	vok	vok	NOUN	_	_	5	nsubj	_	pig
3	hi	hi	DET	_	_	2	det	_	this
4	a	a	PRON	_	Number=Sing|Person=3	5	expl	_	3SG
5	lian	lian	VERB	_	_	0	root	_	big|SpaceAfter=No
6	.	PUNCT	PUNCT	_	_	5	punct	_	_

# sent_id = 241
# text = Rian cu na kal lai maw?
# text_en = Are you going to work?
1	Rian	rin	NOUN	_	_	4	obj	_	work
2	cu	cu	PART	_	_	1	discourse	_	TOP
3	na	na	PRON	_	Number=Sing|Person=2	4	nsubj	_	you
4	kal	kal	VERB	_	_	0	root	_	go
5	lai	lai	AUX	_	_	4	aux	_	ing
6	maw	maw	PART	_	_	4	discourse	_	Q|SpaceAfter=No
7	?	PUNCT	PUNCT	_	_	4	punct	_	_

# sent_id = 81
# text = Zeidah na cawk?
# text_en = What did you buy?
1	Zeidah	zeidah	PRON	_	_	3	obj	_	what
2	na	na	PRON	_	Number=Sing|Person=2	3	nsubj	_	you
3	cawk	cawk	VERB	_	_	0	root	_	buy|SpaceAfter=No
4	?	PUNCT	PUNCT	_	_	3	punct	_	_

# sent_id = 300
# text = Thli a hrang tuk
# text_en = It's very windy
1	Thli	Thli	NOUN	_	_	3	nsubj	_	wind
2	a	a	PRON	_	Number=Sing|Person=3	3	expl	_	it
3	hrang	hrang	VERB	_	_	0	root	_	blow
4	tuk	tuk	ADV	_	_	3	advmod	_	very

# sent_id = 399
# text = Nan ka hmuh.
# text_en = You see/saw me.
# comment = Bedell 1995 number 18
1	Nan	nan	PRON	_	Number=Plur|Person=2	3	nsubj	_	you
2	ka	ka	PRON	_	Number=Sing|Person=1	3	obj	_	me
3	hmuh	hmuh	VERB	_	_	0	root	_	see|SpaceAfter=No
4	.	PUNCT	PUNCT	_	_	3	punct	_	_

# sent_id = 138
# text = Amah cu ka ni a si
# text_en = she is my aunt
1	Amah	amah	PRON	_	Gender=Masc|Number=Sing|Person=3	4	nsubj	_	She
2	cu	cu	PART	_	_	1	discourse	_	TOP
3	ka	ka	PRON	_	Number=Sing|Person=1	4	obj	_	my
4	ni	ni	VERB	_	_	0	root	_	aunt
5	a	a	PRON	_	Number=Sing|Person=3	4	expl	_	expl
6	si	si	AUX	_	_	4	cop	_	is

# sent_id = 73
# text = Hi pa hi Sibawi a si lo.
# text_en = This man is not a doctor.
1	Hi	hi	DET	_	_	2	det	_	this
2	pa	pa	NOUN	ADJ	Gender=Masc	4	nsubj	_	man
3	hi	hi	DET	_	_	2	det	_	this
4	Sibawi	sibawi	NOUN	_	_	0	root	_	doctor
5	a	a	PRON	_	Number=Sing|Person=3	4	nsubj	_	3SG
6	si	si	AUX	_	_	4	cop	_	is
7	lo	lo	ADV	_	_	4	advmod	_	not|SpaceAfter=No
8	.	PUNCT	PUNCT	_	_	4	punct	_	_

# sent_id = 46
# text = Nangmah le nangmah naa hmu.
# text_en = You see yourself.
1	Nangmah	nangmah	PRON	_	Number=Sing|Person=2	5	nsubj	_	you
2	le	le	NOUN	_	_	5	obj	_	and
3	nangmah	nangmah	PRON	_	_	5	obj	_	you
4	naa	na	PRON	_	Number=Sing|Person=2	5	nsubj	_	REFL
5	hmu	hmu	VERB	_	_	0	root	_	see|SpaceAfter=No
6	.	PUNCT	PUNCT	_	_	5	punct	_	_

# sent_id = 356
# text = A si lo.
# text_en = It is not.
# comment = from field methods
1	A	A	PRON	_	Number=Sing|Person=3	2	nmod:poss	_	it
2	si	si	AUX	_	_	0	root	_	is
3	lo	lo	ADV	_	_	2	advmod	_	not|SpaceAfter=No
4	.	PUNCT	PUNCT	_	_	2	punct	_	_

# sent_id = 379
# text = Van cu a pia.
# text_en = The sky is blue.
# comment = from field methods
1	Van	Van	PRON	_	Number=Plur|Person=3	4	nsubj	_	sky
2	cu	cu	PART	_	_	1	discourse	_	TOP
3	a	a	PRON	_	Number=Sing|Person=3	4	expl	_	3SG
4	pia	pia	VERB	_	_	0	root	_	blue|SpaceAfter=No
5	.	PUNCT	PUNCT	_	_	4	punct	_	_

# sent_id = 360
# text = Ka tta pa kha a niam tuk.
# text_en = My brother is very short.
# comment = from field methods
1	Ka	ka	PRON	_	Number=Sing|Person=1	2	nmod:poss	_	my
2	tta	tta	NOUN	_	_	6	nsubj	_	brother
3	pa	pa	NOUN	ADJ	Gender=Masc	2	case	_	male
4	kha	kha	DET	_	_	2	det	_	TOP
5	a	a	PRON	_	Number=Sing|Person=3	6	expl	_	3SG
6	niam	niam	VERB	_	_	0	root	_	short
7	tuk	tuk	ADV	_	_	6	advmod	_	very|SpaceAfter=No
8	.	PUNCT	PUNCT	_	_	6	punct	_	_

# sent_id = 205
# text = Ngakchia pa a it.
# text_en = The little boy slept.
1	Ngakchia	ngakchia	NOUN	_	_	4	nsubj	_	child
2	pa	pa	PART	NOUN	Gender=Masc	1	case	_	boy
3	a	a	PRON	_	Number=Sing|Person=3	4	expl	_	expl
4	it	it	VERB	_	_	0	root	_	sleep|SpaceAfter=No
5	.	PUNCT	PUNCT	_	_	4	punct	_	_

# sent_id = 219
# text = Nupi na ngei cang maw?
# text_en = do you have a wife?
1	Nupi	Nupi	NOUN	_	_	3	obj	_	wife
2	na	na	PRON	_	Number=Sing|Person=2	3	nsubj	_	you
3	ngei	ngei	VERB	_	_	0	root	_	have
4	cang	cang	ADV	_	_	3	advmod	_	already
5	maw	maw	PART	_	_	3	discourse	_	Q|SpaceAfter=No
6	?	PUNCT	PUNCT	_	_	3	punct	_	_

