# sent_id = 387
# text = Caw na hmuh.
# text_en = You saw the cow.
# comment = from field methods
1	Caw	caw	NOUN	_	_	3	obj	_	cow
2	na	na	PRON	_	Number=Sing|Person=2	3	nsubj	_	you
3	hmuh	hmuh	VERB	_	_	0	root	_	see|SpaceAfter=No
4	.	PUNCT	PUNCT	_	_	3	punct	_	_

# sent_id = 45
# text = Uico nih chizawh a dawi hna.
# text_en = The dog chased the cats.
1	Uico	uico	NOUN	_	_	5	nsubj	_	dog
2	nih	nih	ADP	_	_	1	case	_	ERG
3	chizawh	chizawh	NOUN	_	_	5	obj	_	cat
4	a	a	PRON	_	Number=Sing|Person=3	5	expl	_	3SG
5	dawi	dawi	VERB	_	_	0	root	_	chase
6	hna	hna	PRON	_	_	5	expl	_	3PL|SpaceAfter=No
7	.	PUNCT	PUNCT	_	_	5	punct	_	_

# sent_id = 84
# text = Sibawi kan si.
# text_en = We are doctors.
1	Sibawi	sibawi	NOUN	_	_	0	root	_	doctor
2	kan	kan	PRON	_	Number=Plur|Person=1	1	nsubj	_	we
3	si	si	AUX	_	_	1	cop	_	are|SpaceAfter=No
4	.	PUNCT	PUNCT	_	_	1	punct	_	_

# sent_id = 50
# text = A lei aa seh.
# text_en = He bit his tongue.
1	A	a	PRON	_	Number=Sing|Person=3	2	nmod:poss	_	he
2	lei	lei	NOUN	_	_	4	nsubj	_	tongue
3	aa	a	PRON	_	Number=Sing|Person=3	4	expl	_	his
4	seh	se	VERB	_	_	0	root	_	bit|SpaceAfter=No
5	.	PUNCT	PUNCT	_	_	4	punct	_	_

# sent_id = 300
# text = Thli a hrang tuk
# text_en = It's very windy
1	Thli	Thli	NOUN	_	_	3	nsubj	_	wind
2	a	a	PRON	_	Number=Sing|Person=3	3	expl	_	it
3	hrang	hrang	VERB	_	_	0	root	_	blow
4	tuk	tuk	ADV	_	_	3	advmod	_	very

# sent_id = 227
# text = Na sur in nga ka tlaih nak
# text_en = I caught a fish with your net
1	Na	na	PRON	_	Number=Sing|Person=2	2	nmod:poss	_	your
2	sur	sur	NOUN	_	_	6	obj	_	net
3	in	in	ADP	_	_	2	case	_	with
4	nga	nga	NOUN	_	_	6	obj	_	fish
5	ka	ka	PRON	_	Number=Sing|Person=1	6	nsubj	_	I
6	tlaih	tlai	VERB	_	_	0	root	_	catch
7	nak	nak	PART	_	_	6	punct	_	nominalizer

# sent_id = 42
# text = Cawhnuk a rawk
# text_en = Milk was spoiled.
1	Cawhnuk	Cawhnuk	NOUN	_	_	3	nsubj	_	(cow) milk
2	a	a	PRON	_	Number=Sing|Person=3	3	expl	_	3SG
3	rawk	rawk	VERB	_	_	0	root	_	spoil

# sent_id = 120
# text = Nan it.
# text_en = Y'all slept.
1	Nan	nan	PRON	_	Number=Plur|Person=2	2	nsubj	_	we
2	it	it	VERB	_	_	0	root	_	slept|SpaceAfter=No
3	.	PUNCT	PUNCT	_	_	2	punct	_	_

# sent_id = 252
# text = Na nu rian zeidah a si?
# text_en = What is your mother's occupation?
1	Na	na	PRON	_	Number=Sing|Person=2	2	nmod:poss	_	your
2	nu	nu	NOUN	_	_	4	obj	_	mother
3	rian	rian	PRON	_	Number=Sing|Person=1	4	nsubj	_	work
4	zeidah	zeidah	VERB	_	_	0	root	_	what
5	a	a	PRON	_	Number=Sing|Person=3	4	expl	_	expl
6	si	si	AUX	_	_	4	cop	_	is|SpaceAfter=No
7	?	PUNCT	PUNCT	_	_	4	punct	_	_

# sent_id = 65
# text = Mah pa hi sibawi a si
# text_en = This man is a doctor.
1	Mah	mah	DET	_	_	2	det	_	this
2	pa	pa	NOUN	_	_	4	nsubj	_	man
3	hi	hi	DET	_	_	2	det	_	this
4	sibawi	sibawi	NOUN	_	_	0	root	_	doctor
5	a	a	PRON	_	Number=Sing|Person=3	4	expl	_	3SG
6	si	si	AUX	_	_	4	cop	_	is

# sent_id = 310
# text = Thlalangawng a khar maw?
# text_en = did he shut the window?
1	Thlalangawng	thlalangawng	NOUN	_	_	3	obj	_	window
2	a	a	PRON	_	Number=Sing|Person=3	3	nsubj	_	he
3	khar	khar	VERB	_	_	0	root	_	shut
4	maw	maw	PART	_	_	3	discourse	_	Q|SpaceAfter=No
5	?	PUNCT	PUNCT	_	_	3	punct	_	_

# sent_id = 27
# text = Hri a cat
# text_en = A rope breaks.
1	Hri	hri	NOUN	_	_	3	nsubj	_	rope
2	a	a	PRON	_	Number=Sing|Person=3	3	expl	_	3SG
3	cat	cat	VERB	_	_	0	root	_	break

# sent_id = 306
# text = Ka hawipa ka tthangh
# text_en = I woke up my friend
1	Ka	ka	PRON	_	Number=Sing|Person=1	2	nmod:poss	_	my
2	hawipa	hawipa	NOUN	_	_	4	obj	_	friend
3	ka	ka	PRON	_	Number=Sing|Person=1	4	nsubj	_	I
4	tthangh	ttangh	VERB	_	_	0	root	_	awaken

# sent_id = 161
# text = Kan vanpang a mot
# text_en = Our wall is rotting
1	Kan	kan	PRON	_	Number=Plur|Person=1	2	nmod:poss	_	our
2	vanpang	vanpang	NOUN	_	_	4	nsubj	_	wall
3	a	a	PRON	_	Number=Sing|Person=3	4	expl	_	expl
4	mot	mot	VERB	_	_	0	root	_	rotten

# sent_id = 41
# text = Ka hma a por
# text_en = My wound gets infected.
1	Ka	ka	PRON	_	Number=Sing|Person=1	2	nmod:poss	_	my
2	hma	hma	NOUN	_	_	4	nsubj	_	wound
3	a	a	PRON	_	Number=Sing|Person=3	4	expl	_	3SG
4	por	por	VERB	_	_	0	root	_	infect

# sent_id = 377
# text = Mei ka hmit.
# text_en = I put the fire out.
# comment = from field methods
1	Mei	mei	NOUN	_	_	3	obj	_	fire
2	ka	ka	PRON	_	Number=Sing|Person=1	3	nsubj	_	I
3	hmit	hmit	VERB	_	_	0	root	_	extinguish|SpaceAfter=No
4	.	PUNCT	PUNCT	_	_	3	punct	_	_

# sent_id = 335
# text = Na ngalruh a cang tuk
# text_en = your shinbone is too hard
1	Na	na	PRON	_	Number=Sing|Person=2	2	nmod:poss	_	you
2	ngalruh	ngalruh	NOUN	_	_	4	nsubj	_	shinbone
3	a	a	PRON	_	Number=Sing|Person=3	4	expl	_	expl
4	cang	cang	VERB	_	_	0	root	_	hard
5	tuk	tuk	ADV	_	_	4	advmod	_	very

# sent_id = 199
# text = Ka kut ka sik hlah
# text_en = do not pinch me at my hand
1	Ka	ka	PRON	_	Number=Sing|Person=1	2	nmod:poss	_	my
2	kut	kut	NOUN	_	_	4	obj	_	hand
3	ka	ka	PRON	_	Number=Sing|Person=1	4	nsubj	_	me
4	sik	sih	VERB	_	_	0	root	_	pinch
5	hlah	hlah	DET	_	_	4	punct	_	not

# sent_id = 235
# text = Zudin na ngol cang maw?
# text_en = have you stopped drinking?
1	Zudin	Zudin	NOUN	_	_	3	obj	_	drink
2	na	na	PRON	_	Number=Sing|Person=2	3	nsubj	_	you
3	ngol	ngol	VERB	_	_	0	root	_	stop
4	cang	cang	ADV	_	_	3	advmod	_	already
5	maw	maw	PART	_	_	3	discourse	_	Q|SpaceAfter=No
6	?	PUNCT	PUNCT	_	_	3	punct	_	_

# sent_id = 68
# text = Ruah a sur lo.
# text_en = It is not raining.
1	Ruah	ruah	NOUN	_	_	3	obj	_	rain
2	a	a	PRON	_	Number=Sing|Person=3	3	nsubj	_	3SG
3	sur	sur	VERB	_	_	0	root	_	fall
4	lo	lo	ADV	_	_	3	advmod	_	not|SpaceAfter=No
5	.	PUNCT	PUNCT	_	_	3	punct	_	_

# sent_id = 392
# text = Ka kal.
# text_en = I go/went.
# comment = Bedell 1995 number 1
1	Ka	ka	PRON	_	Number=Sing|Person=1	2	nsubj	_	I
2	kal	kal	VERB	_	_	0	root	_	go|SpaceAfter=No
3	.	PUNCT	PUNCT	_	_	2	punct	_	_

# sent_id = 333
# text = Na vok kha au ter tuk hlah
# text_en = don't let your pig make too much noise
1	Na	na	PRON	_	Number=Sing|Person=2	2	nmod:poss	_	your
2	vok	vok	NOUN	_	_	5	nsubj	_	pig
3	kha	kha	DET	_	_	2	case	_	that
4	au	au	VERB	_	_	5	expl	_	shout
5	ter	ter	VERB	intr	_	0	root	_	let
6	tuk	tuk	ADV	_	_	5	advmod	_	too
7	hlah	hlah	CCONJ	_	_	5	punct	_	imperative negative don't

# sent_id = 180
# text = Mei kan kau lai
# text_en = we shall start making the fire
1	Mei	mei	NOUN	_	_	3	obj	_	fire
2	kan	kan	PRON	_	Number=Plur|Person=1	3	nsubj	_	we
3	kau	kau	VERB	_	_	0	root	_	light
4	lai	lai	AUX	_	_	3	aux	_	shall

# sent_id = 303
# text = Zuri pa a tlu
# text_en = A drunk fell over
1	Zuri	Zuri	NOUN	_	_	4	nsubj	_	be intoxicated
2	pa	pa	PART	NOUN	Gender=Masc	1	case	_	male
3	a	a	PRON	_	Number=Sing|Person=3	4	expl	_	expl
4	tlu	tlu	VERB	_	_	0	root	_	fall

# sent_id = 261
# text = Ceuceu lawng nih aan hmuh
# text_en = Only Ceu saw you.
1	Ceuceu	Ceuceu	PROPN	_	_	5	nsubj	_	Ceu
2	lawng	lawng	ADJ	_	_	1	case	_	only
3	nih	nih	ADP	_	_	1	case	_	ERG
4	aan	aan	PRON	_	Number=Sing|Person=2	5	obj	_	you
5	hmuh	hmuh	VERB	_	_	0	root	_	see

# sent_id = 213
# text = Pangpar an um
# text_en = There are flowers
1	Pangpar	Pangpar	NOUN	_	_	3	obj	_	flower
2	an	an	PRON	_	Number=Plur|Person=3	3	nsubj	_	expl
3	um	um	VERB	ADJ	_	0	root	_	are

# sent_id = 350
# text = Mei a vun sen.
# text_en = The light immediately turned red.
# comment = from field methods
1	Mei	mei	NOUN	_	_	3	nsubj	_	light
2	a	a	PRON	_	Number=Sing|Person=3	3	expl	_	3SG
3	vun	vun	VERB	_	_	0	root	_	immediately
4	sen	sen	ADV	_	_	3	advmod	_	red|SpaceAfter=No
5	.	PUNCT	PUNCT	_	_	3	punct	_	_

# sent_id = 345
# text = Na dahmei nih a ka ceuh lo
# text_en = your flashlight does not give me enough light
1	Na	na	PRON	_	Number=Sing|Person=2	2	nmod:poss	_	your
2	dahmei	dahmei	NOUN	_	_	6	nsubj	_	torchlight
3	nih	nih	ADP	_	_	2	case	_	ERG
4	a	a	PRON	_	Number=Sing|Person=3	6	expl	_	expl
5	ka	ka	PRON	_	Number=Sing|Person=1	6	obj	_	me
6	ceuh	ceuh	VERB	_	_	0	root	_	gleam
7	lo	lo	ADV	_	_	6	advmod	_	not

# sent_id = 189
# text = Orhlei ah naa mer lai
# text_en = you will turn to the right
1	Orhlei	orhlei	NOUN	_	_	4	obj	_	right
2	ah	ah	ADP	_	_	1	case	_	LOC
3	naa	na	PRON	_	Number=Sing|Person=2	4	nsubj	_	you
4	mer	mer	VERB	_	_	0	root	_	turn
5	lai	lai	AUX	_	_	4	aux	_	will

# sent_id = 331
# text = A kaa aa aang i a ka zoh
# text_en = he looked at me with his open mouth
1	A	a	PRON	_	Number=Sing|Person=3	2	nmod:poss	_	his
2	kaa	kaa	NOUN	_	_	4	nsubj	_	mouth
3	aa	a	PRON	_	Number=Sing|Person=3	4	expl	_	expl
4	aang	ang	VERB	_	_	0	root	_	open the mouth
5	i	i	CCONJ	_	_	8	iobj	_	REFL
6	a	a	PRON	_	Number=Sing|Person=3	8	nsubj	_	he
7	ka	ka	PRON	_	Number=Sing|Person=1	8	obj	_	me
8	zoh	zo	VERB	_	_	4	conj	_	look

# sent_id = 87
# text = Sibawi ka si lo.
# text_en = I am not a doctor.
1	Sibawi	sibawi	NOUN	_	_	0	root	_	doctor
2	ka	ka	PRON	_	Number=Sing|Person=1	1	nsubj	_	I
3	si	si	AUX	_	_	1	cop	_	am
4	lo	lo	ADV	_	_	1	advmod	_	not|SpaceAfter=No
5	.	PUNCT	PUNCT	_	_	1	punct	_	_

# sent_id = 205
# text = Ngakchia pa a it.
# text_en = The little boy slept.
1	Ngakchia	ngakchia	NOUN	_	_	4	nsubj	_	child
2	pa	pa	PART	NOUN	Gender=Masc	1	case	_	boy
3	a	a	PRON	_	Number=Sing|Person=3	4	expl	_	expl
4	it	it	VERB	_	_	0	root	_	sleep|SpaceAfter=No
5	.	PUNCT	PUNCT	_	_	4	punct	_	_

# sent_id = 135
# text = Ka kal nolh lai
# text_en = I shall go again
1	Ka	ka	PRON	_	Number=Sing|Person=1	2	nsubj	_	I
2	kal	kal	VERB	_	_	0	root	_	go
3	nolh	nolh	ADV	_	_	2	advmod	_	again
4	lai	lai	AUX	_	_	2	aux	_	shall

# sent_id = 203
# text = Ka ra kho tthan lai lo
# text_en = I will not be able to come, again.
1	Ka	ka	PRON	_	Number=Sing|Person=1	2	nsubj	_	I
2	ra	ra	VERB	_	_	0	root	_	come
3	kho	kho	ADV	_	_	2	advmod	_	able
4	tthan	tthan	ADV	_	_	2	advmod	_	again
5	lai	lai	AUX	_	_	2	aux	_	will
6	lo	lo	ADV	_	_	2	advmod	_	not

# sent_id = 136
# text = Ka nolh nolh lai
# text_en = I will repeat it again
1	Ka	ka	PRON	_	Number=Sing|Person=1	2	nsubj	_	I
2	nolh	nolh	VERB	_	_	0	root	_	repeat
3	nolh	nolh	ADV	_	_	2	advmod	_	again
4	lai	lai	AUX	_	_	2	aux	_	will

# sent_id = 30
# text = Sa kan em
# text_en = We roast meat.
1	Sa	sa	NOUN	_	_	3	obj	_	meat
2	kan	kan	PRON	_	Number=Plur|Person=1	3	nsubj	_	we
3	em	m	VERB	_	_	0	root	_	roast

# sent_id = 319
# text = Bawlung a hrilh maw?
# text_en = did he roll the ball?
1	Bawlung	bawlung	NOUN	_	_	3	obj	_	ball
2	a	a	PRON	_	Number=Sing|Person=3	3	nsubj	_	he
3	hrilh	hrilh	VERB	_	_	0	root	_	roll
4	maw	maw	PART	_	_	3	discourse	_	Q|SpaceAfter=No
5	?	PUNCT	PUNCT	_	_	3	punct	_	_

# sent_id = 73
# text = Hi pa hi Sibawi a si lo.
# text_en = This man is not a doctor.
1	Hi	hi	DET	_	_	2	det	_	this
2	pa	pa	NOUN	_	_	4	nsubj	_	man
3	hi	hi	DET	_	_	2	det	_	this
4	Sibawi	Sibawi	NOUN	_	_	0	root	_	doctor
5	a	a	PRON	_	Number=Sing|Person=3	4	nsubj	_	3SG
6	si	si	AUX	_	_	4	cop	_	is
7	lo	lo	ADV	_	_	4	advmod	_	not|SpaceAfter=No
8	.	PUNCT	PUNCT	_	_	4	punct	_	_

# sent_id = 124
# text = Zahan ka hmuh.
# text_en = I saw you yesterday.
1	Zahan	zahan	ADV	_	_	3	obj	_	yesterday/last night
2	ka	ka	PRON	_	Number=Sing|Person=1	3	nsubj	_	i
3	hmuh	hmuh	VERB	_	_	0	root	_	saw|SpaceAfter=No
4	.	PUNCT	PUNCT	_	_	3	punct	_	_

# sent_id = 204
# text = Ka fawn nambar kai thlen
# text_en = I changed my phone number
1	Ka	ka	PRON	_	Number=Sing|Person=1	2	nmod:poss	_	my
2	fawn	fawn	NOUN	_	_	4	obj	_	phone
3	nambar	nambar	ADJ	_	_	4	nsubj	_	number
4	kai	kai	VERB	_	_	0	root	_	I
5	thlen	thlen	ADV	_	_	4	advmod	_	change

