# sent_id = 50
# text = A lei aa seh.
# text_en = He bit his tongue.
1	A	a	PRON	_	Number=Sing|Person=3	2	nmod:poss	_	he
2	lei	lei	NOUN	_	_	4	nsubj	_	tongue
3	aa	a	PRON	_	Number=Sing|Person=3	4	expl	_	his
4	seh	seh	VERB	_	_	0	root	_	bit|SpaceAfter=No
5	.	PUNCT	PUNCT	_	_	4	punct	_	_

# sent_id = 199
# text = Ka kut ka sik hlah
# text_en = do not pinch me at my hand
1	Ka	ka	PRON	_	Number=Sing|Person=1	2	nmod:poss	_	my
2	kut	kut	NOUN	_	_	4	obj	_	hand
3	ka	ka	PRON	_	Number=Sing|Person=1	4	nsubj	_	me
4	sik	sik	VERB	_	_	0	root	_	pinch
5	hlah	hlah	CCONJ	_	_	4	punct	_	not

# sent_id = 361
# text = Ngakchia pa aa tthangh hnuin rawl a ei.
# text_en = After the child woke up, he ate.
# comment = from field methods
1	Ngakchia	ngakchia	ADJ	NOUN	_	2	amod	_	child
2	pa	pa	NOUN	_	Gender=Masc	4	nsubj	_	male
3	aa	a	PRON	_	Number=Sing|Person=3	4	expl	_	REFL
4	tthangh	tthang	VERB	_	_	0	root	_	awaken
5	hnuin	hnuin	CCONJ	_	_	8	obj	_	after
6	rawl	rawl	NOUN	_	_	8	nsubj	_	food
7	a	a	PRON	_	Number=Sing|Person=3	8	expl	_	he
8	ei	ei	VERB	_	_	4	punct	_	eat|SpaceAfter=No
9	.	PUNCT	PUNCT	_	_	8	punct	_	_

# sent_id = 283
# text = Fung in na tuk hna
# text_en = You hit them with a stick
1	Fung	fung	NOUN	_	_	4	obj	_	stick
2	in	in	ADP	_	_	1	case	_	with
3	na	na	PRON	_	Number=Sing|Person=2	4	nsubj	_	you
4	tuk	tuk	VERB	_	_	0	root	_	hit
5	hna	hna	PRON	_	Number=Plur|Person=2	4	punct	_	them

# sent_id = 251
# text = Na pa rian zeidah a si?
# text_en = What is your father's occupation?
1	Na	na	PRON	_	Number=Sing|Person=2	2	nmod:poss	_	your
2	pa	pa	NOUN	_	_	3	nmod:poss	_	father
3	rian	rian	NOUN	_	_	0	root	_	work
4	zeidah	zeidah	PRON	_	_	3	det	_	what
5	a	a	PRON	_	Number=Sing|Person=3	3	expl	_	expl
6	si	si	AUX	_	_	3	cop	_	is|SpaceAfter=No
7	?	PUNCT	PUNCT	_	_	3	punct	_	_

# sent_id = 104
# text = A ka hmuh.
# text_en = She saw me.
1	A	A	PRON	_	Number=Sing|Person=3	3	nsubj	_	she
2	ka	ka	PRON	_	Number=Sing|Person=1	3	obj	_	me
3	hmuh	hmuh	VERB	_	_	0	root	_	see|SpaceAfter=No
4	.	PUNCT	PUNCT	_	_	3	punct	_	_

# sent_id = 101
# text = Nizaan zingka ah ka tli
# text_en = Yesterday morning I ran.
1	Nizaan	nizaan	ADV	_	_	2	nmod:poss	_	yesterday
2	zingka	zingka	NOUN	_	_	5	obj	_	morning
3	ah	ah	ADP	_	_	2	case	_	TEMPORAL
4	ka	ka	PRON	_	Number=Sing|Person=1	5	nsubj	_	I
5	tli	tli	VERB	_	_	0	root	_	run

# sent_id = 304
# text = Ti a thlet
# text_en = He spilled water
1	Ti	ti	NOUN	_	_	3	nsubj	_	water
2	a	a	PRON	_	Number=Sing|Person=3	3	expl	_	he
3	thlet	thlet	VERB	_	_	0	root	_	pour out water

# sent_id = 70
# text = Ka it lo.
# text_en = I did not sleep.
1	Ka	ka	PRON	_	Number=Sing|Person=1	2	nsubj	_	I
2	it	it	VERB	_	_	0	root	_	sleep
3	lo	lo	ADV	_	_	2	advmod	_	not|SpaceAfter=No
4	.	PUNCT	PUNCT	_	_	2	punct	_	_

# sent_id = 231
# text = Mi ngong a si
# text_en = He is a stupid./He is a dull person.
1	Mi	mi	NOUN	_	_	0	root	_	person
2	ngong	ngong	ADJ	_	_	1	amod	_	stupid
3	a	a	PRON	_	Number=Sing|Person=3	1	nsubj	_	he
4	si	si	AUX	_	_	1	cop	_	is

# sent_id = 51
# text = Dawr ah na kal lai maw?
# text_en = Are you going to the store?
1	Dawr	dawr	NOUN	_	_	4	obj	_	store
2	ah	ah	PART	_	_	1	case	_	to
3	na	na	PRON	_	Number=Sing|Person=2	4	nsubj	_	you
4	kal	kal	VERB	_	_	0	root	_	go
5	lai	lai	AUX	_	_	4	aux	_	FUT
6	maw	maw	PART	_	_	4	discourse	_	Q|SpaceAfter=No
7	?	PUNCT	PUNCT	_	_	4	punct	_	_

# sent_id = 387
# text = Caw na hmuh.
# text_en = You saw the cow.
# comment = from field methods
1	Caw	caw	NOUN	_	_	3	obj	_	cow
2	na	na	PRON	_	Number=Sing|Person=2	3	nsubj	_	you
3	hmuh	hmuh	VERB	_	_	0	root	_	see|SpaceAfter=No
4	.	PUNCT	PUNCT	_	_	3	punct	_	_

# sent_id = 367
# text = Khoika ah dah cauk a um?
# text_en = Where is the book?
# comment = from field methods
1	Khoika	khoika	PRON	_	_	6	nsubj	_	where
2	ah	ah	ADP	_	_	1	case	_	LOC
3	dah	dah	PART	_	_	1	discourse	_	WH
4	cauk	cauk	NOUN	_	_	6	obj	_	book
5	a	a	PRON	_	Number=Sing|Person=3	6	expl	_	_
6	um	um	VERB	_	_	0	root	_	COP|SpaceAfter=No
7	?	PUNCT	PUNCT	_	_	6	punct	_	_

# sent_id = 342
# text = Ka hreitlung in thing a cek
# text_en = he splitted woods with my ax
1	Ka	ka	PRON	_	Number=Sing|Person=1	2	nmod:poss	_	my
2	hreitlung	hreitlung	NOUN	_	_	6	obj	_	ax
3	in	in	ADP	_	_	2	case	_	with
4	thing	thing	NOUN	_	_	6	nsubj	_	wood
5	a	a	PRON	_	Number=Sing|Person=3	6	expl	_	he
6	cek	ce	VERB	_	_	0	root	_	split

# sent_id = 297
# text = Nizaan ah cauk ka rel
# text_en = I read a book yesterday
1	Nizaan	nizaan	ADV	_	_	5	obj	_	yesterday
2	ah	ah	ADP	_	_	1	case	_	TEMPORAL
3	cauk	cauk	NOUN	_	_	5	obj	_	book
4	ka	ka	PRON	_	Number=Sing|Person=1	5	nsubj	_	I
5	rel	rel	VERB	_	_	0	root	_	read

# sent_id = 289
# text = Nikum ah mipa nih inn a sak
# text_en = Last year a man built a house
1	Nikum	Nikum	NOUN	_	_	7	obj	_	last year
2	ah	ah	ADP	_	_	1	case	_	TEMPORAL
3	mipa	mi	NOUN	_	_	7	nsubj	_	guy
4	nih	nih	ADP	_	_	3	case	_	ERG
5	inn	inn	NOUN	_	_	7	obj	_	house
6	a	a	PRON	_	Number=Sing|Person=3	7	expl	_	expl
7	sak	sak	VERB	_	_	0	root	_	construct

# sent_id = 29
# text = Rawl kan ei lai
# text_en = We will eat food.
1	Rawl	rawl	NOUN	_	_	3	obj	_	food
2	kan	kan	PRON	_	Number=Plur|Person=1	3	nsubj	_	we
3	ei	ei	VERB	_	_	0	root	_	eat
4	lai	lai	AUX	_	_	3	aux	_	will

# sent_id = 195
# text = Chuntlung a so
# text_en = an anthill bulges
1	Chuntlung	Chuntlung	NOUN	_	_	3	nsubj	_	anthill
2	a	a	PRON	_	Number=Sing|Person=3	3	expl	_	expl
3	so	so	VERB	_	_	0	root	_	bulges

# sent_id = 152
# text = Vok a nguuk
# text_en = A swine grunts
1	Vok	vok	NOUN	_	_	3	obj	_	swine
2	a	a	PRON	_	Number=Sing|Person=3	3	expl	_	expl
3	nguuk	nguuk	VERB	_	_	0	root	_	grunt

# sent_id = 292
# text = Hmaizarh ah sianginn kai ka dih lai
# text_en = next week I will finish school
1	Hmaizarh	hmaizarh	NOUN	_	_	6	obj	_	next week
2	ah	ah	ADP	_	_	1	case	_	TEMPORAL
3	sianginn	sianginn	NOUN	_	_	6	obj	_	school
4	kai	kai	DET	_	_	3	det	_	go
5	ka	ka	PRON	_	Number=Sing|Person=1	6	nsubj	_	I
6	dih	di	VERB	_	_	0	root	_	finish
7	lai	lai	AUX	_	_	6	aux	_	will

# sent_id = 30
# text = Sa kan em
# text_en = We roast meat.
1	Sa	sa	NOUN	_	_	3	obj	_	meat
2	kan	kan	PRON	_	Number=Plur|Person=1	3	nsubj	_	we
3	em	m	VERB	_	_	0	root	_	roast

# sent_id = 133
# text = Siangngakchia an nuar
# text_en = The students are on strike.
1	Siangngakchia	Siangngakchia	NOUN	_	_	3	obj	_	student
2	an	an	PRON	_	Number=Plur|Person=3	3	nsubj	_	expl
3	nuar	nuar	VERB	_	_	0	root	_	strike

# sent_id = 258
# text = Nangmah nakin ka upa deuh
# text_en = I am older than you.
1	Nangmah	nangmah	PRON	_	Number=Sing|Person=1	2	nmod:poss	_	you
2	nakin	nakin	CCONJ	_	_	5	nsubj	_	than
3	ka	ka	PRON	_	Number=Sing|Person=1	5	nsubj	_	I
4	upa	upa	NOUN	_	_	5	obj	_	old
5	deuh	deuh	VERB	_	_	0	root	_	more

# sent_id = 137
# text = Nihin cu Zarhpini a si
# text_en = today is Sunday
1	Nihin	Nihin	PROPN	_	_	3	nsubj	_	Today
2	cu	cu	PART	_	_	1	discourse	_	TOP
3	Zarhpini	Zarhpini	PROPN	_	_	0	root	_	Sunday
4	a	a	PRON	_	Number=Sing|Person=3	3	expl	_	expl
5	si	si	AUX	_	_	3	cop	_	is

# sent_id = 331
# text = A kaa aa aang i a ka zoh
# text_en = he looked at me with his open mouth
1	A	a	PRON	_	Number=Sing|Person=3	2	nmod:poss	_	his
2	kaa	kaa	NOUN	_	_	4	nsubj	_	mouth
3	aa	a	PRON	_	Number=Sing|Person=3	4	expl	_	expl
4	aang	ang	VERB	_	_	0	root	_	open the mouth
5	i	i	PART	_	_	4	conj	_	REFL
6	a	a	PRON	_	Number=Sing|Person=3	8	expl	_	he
7	ka	ka	PRON	_	Number=Sing|Person=1	8	obj	_	me
8	zoh	zo	VERB	_	_	4	ccomp	_	look

# sent_id = 149
# text = Chizawh a ngeu
# text_en = a cat mews
1	Chizawh	chizawh	NOUN	_	_	3	nsubj	_	cat
2	a	a	PRON	_	Number=Sing|Person=3	3	expl	_	expl
3	ngeu	ngeu	VERB	_	_	0	root	_	mew

# sent_id = 113
# text = Sizung ah rian a ttuan.
# text_en = She works in the hospital.
1	Sizung	Sizung	NOUN	_	_	5	obj	_	hospital
2	ah	ah	ADP	_	_	1	case	_	in
3	rian	rian	NOUN	_	_	5	obj	_	work
4	a	a	PRON	_	Number=Sing|Person=3	5	expl	_	3SG
5	ttuan	ttuan	VERB	_	_	0	root	_	work|SpaceAfter=No
6	.	PUNCT	PUNCT	_	_	5	punct	_	_

# sent_id = 48
# text = Na pa nih ruul a thah
# text_en = Your father killed a snake.
1	Na	na	PRON	_	Number=Sing|Person=2	2	nmod:poss	_	your
2	pa	pa	NOUN	_	_	6	nsubj	_	father
3	nih	nih	ADP	_	_	2	case	_	ERG
4	ruul	ruul	NOUN	_	_	6	obj	_	snake
5	a	a	PRON	_	Number=Sing|Person=3	6	expl	_	3SG
6	thah	thah	VERB	_	_	0	root	_	kill

# sent_id = 324
# text = Bawlung a rilh ruangah uico nih a dawi
# text_en = because the ball was rolling the dog chased it
1	Bawlung	bawlung	NOUN	_	_	3	nsubj	_	ball
2	a	a	PRON	_	Number=Sing|Person=3	3	expl	_	expl
3	rilh	rilh	VERB	_	_	0	root	_	roll
4	ruangah	ruangah	CCONJ	_	_	3	conj	_	because
5	uico	uico	NOUN	_	_	8	nsubj	_	dog
6	nih	nih	ADP	_	_	5	case	_	ERG
7	a	a	PRON	_	Number=Sing|Person=3	8	expl	_	expl
8	dawi	dawi	VERB	_	_	3	ccomp	_	chase

# sent_id = 359
# text = Sayamah nu nih ngakchia nu cauk a pe lo.
# text_en = The teacher didn’t give a book to the girl.
# comment = from field methods
1	Sayamah	Sayamah	PRON	_	Gender=Fem|Number=Sing|Person=3	2	nsubj	_	teacher
2	nu	nu	PART	NOUN	Gender=Fem	8	nsubj	_	female
3	nih	nih	ADP	_	_	2	case	_	ERG
4	ngakchia	ngakchia	NOUN	_	_	8	obj	_	child
5	nu	nu	PART	_	Gender=Fem	8	nsubj	_	female
6	cauk	cauk	NOUN	_	_	8	obj	_	book
7	a	a	PRON	_	Number=Sing|Person=3	8	expl	_	_
8	pe	pe	VERB	_	_	0	root	_	give
9	lo	lo	ADV	_	_	8	advmod	_	not|SpaceAfter=No
10	.	PUNCT	PUNCT	_	_	8	punct	_	_

# sent_id = 166
# text = Mirangholh a thiam
# text_en = he can speak English
1	Mirangholh	Mirangholh	NOUN	_	_	3	obj	_	English language/speak English
2	a	a	PRON	_	Number=Sing|Person=3	3	nsubj	_	he
3	thiam	thiam	VERB	_	_	0	root	_	know

# sent_id = 53
# text = Chinchin cu cauk ka pek lai
# text_en = I will give Chinchin a book.
1	Chinchin	Chinchin	PROPN	_	_	5	obj	_	Chinchin
2	cu	cu	PART	_	_	1	discourse	_	TOP
3	cauk	cauk	NOUN	_	_	5	obj	_	book
4	ka	ka	PRON	_	Number=Sing|Person=1	5	nsubj	_	I
5	pek	pek	VERB	_	_	0	root	_	give
6	lai	lai	AUX	_	_	5	aux	_	FUT

# sent_id = 142
# text = Chang a ka nawnh
# text_en = he makes bread for me
1	Chang	Chang	NOUN	_	_	4	obj	_	knead
2	a	a	PRON	_	Number=Sing|Person=3	4	expl	_	he
3	ka	ka	PRON	_	Number=Sing|Person=1	4	nsubj	_	me
4	nawnh	nawnh	VERB	_	_	0	root	_	make bread for someone

# sent_id = 20
# text = Kaa din lai
# text_en = I will rest
1	Kaa	ka	PRON	_	Number=Sing|Person=1	2	nsubj	_	I
2	din	din	VERB	_	_	0	root	_	rest
3	lai	lai	AUX	_	_	2	aux	_	will

# sent_id = 298
# text = Ka tthi ka thlak
# text_en = I dropped my necklace
1	Ka	ka	PRON	_	Number=Sing|Person=1	2	nmod:poss	_	my
2	tthi	tthi	NOUN	_	_	4	obj	_	necklace
3	ka	ka	PRON	_	Number=Sing|Person=1	4	nsubj	_	I
4	thlak	thlak	VERB	_	_	0	root	_	drop

# sent_id = 366
# text = Hi seh nih hin thil a ttawl.
# text_en = This machine washes clothes.
# comment = from field methods
1	Hi	hi	DET	_	_	2	det	_	this
2	seh	seh	NOUN	_	_	7	nsubj	_	machine
3	nih	nih	ADP	_	_	2	case	_	ERG
4	hin	hin	DET	_	_	7	nsubj	_	DEM
5	thil	thil	NOUN	_	_	7	obj	_	clothes
6	a	a	PRON	_	Number=Sing|Person=3	7	expl	_	3SG
7	ttawl	ttawl	VERB	_	_	0	root	_	wash|SpaceAfter=No
8	.	PUNCT	PUNCT	_	_	7	punct	_	_

# sent_id = 226
# text = Kan vanpang kan nalh
# text_en = we are plastering our wall
1	Kan	kan	PRON	_	Number=Plur|Person=1	2	nmod:poss	_	our
2	vanpang	vanpang	NOUN	_	_	4	nsubj	_	wall
3	kan	kan	PRON	_	Number=Plur|Person=1	4	nsubj	_	we
4	nalh	nalh	VERB	_	_	0	root	_	plastering

# sent_id = 198
# text = Ka kut a ka sih
# text_en = she pinched me at my hand
1	Ka	ka	PRON	_	Number=Sing|Person=1	2	nmod:poss	_	my
2	kut	kut	NOUN	_	_	5	obj	_	hand
3	a	a	PRON	_	Number=Sing|Person=3	5	expl	_	she
4	ka	ka	PRON	_	Number=Sing|Person=1	5	nsubj	_	me
5	sih	si	VERB	_	_	0	root	_	pinch

# sent_id = 396
# text = Nan kal.
# text_en = You go/went.
# comment = Bedell 1995 number 5
1	Nan	nan	PRON	_	Number=Plur|Person=2	2	nsubj	_	you
2	kal	ka	VERB	_	_	0	root	_	go|SpaceAfter=No
3	.	PUNCT	PUNCT	_	_	2	punct	_	_

# sent_id = 333
# text = Na vok kha au ter tuk hlah
# text_en = don't let your pig make too much noise
1	Na	na	PRON	_	Number=Sing|Person=2	2	nmod:poss	_	your
2	vok	vok	NOUN	_	_	3	nmod:poss	_	pig
3	kha	kha	PART	_	_	5	nsubj	_	that
4	au	au	VERB	_	_	5	nsubj	_	shout
5	ter	ter	VERB	intr	_	0	root	_	let
6	tuk	tuk	ADV	_	_	5	advmod	_	too
7	hlah	hlah	VERB	_	_	5	punct	_	imperative negative don't

