# sent_id = 279
# text = Ngakchia pa nih na nu a puk
# text_en = They boy kissed your mom
1	Ngakchia	ngakchia	ADJ	NOUN	_	2	amod	_	child
2	pa	pa	NOUN	_	Gender=Masc	7	nsubj	_	male
3	nih	nih	ADP	_	_	2	case	_	ERG
4	na	na	PRON	_	Number=Sing|Person=2	5	nmod:poss	_	your
5	nu	nu	NOUN	_	_	7	obj	_	mother
6	a	a	PRON	_	Number=Sing|Person=3	7	expl	_	expl
7	puk	puk	VERB	_	_	0	root	_	kiss

# sent_id = 21
# text = Ar a si.
# text_en = It is chicken.
1	Ar	ar	NOUN	_	_	0	root	_	chicken
2	a	a	PRON	_	Number=Sing|Person=3	1	nsubj	_	it
3	si	si	AUX	_	_	1	cop	_	is|SpaceAfter=No
4	.	PUNCT	PUNCT	_	_	1	punct	_	_

# sent_id = 190
# text = Mi or a si
# text_en = he is a gluttonous person
1	Mi	mi	DET	_	_	2	nmod:poss	_	person
2	or	or	NOUN	_	_	0	root	_	gluttonous
3	a	a	PRON	_	Number=Sing|Person=3	2	expl	_	he
4	si	si	AUX	_	_	2	cop	_	is

# sent_id = 304
# text = Ti a thlet
# text_en = He spilled water
1	Ti	ti	NOUN	_	_	3	nsubj	_	water
2	a	a	PRON	_	Number=Sing|Person=3	3	expl	_	he
3	thlet	thlet	VERB	_	_	0	root	_	pour out water

# sent_id = 183
# text = Na manh cang maw?
# text_en = are you ready yet?
1	Na	na	PRON	_	Number=Sing|Person=2	2	nsubj	_	you
2	manh	manh	VERB	_	_	0	root	_	ready
3	cang	cang	ADV	_	_	2	advmod	_	yet
4	maw	maw	PART	_	_	2	discourse	_	Q|SpaceAfter=No
5	?	PUNCT	PUNCT	_	_	2	punct	_	_

# sent_id = 28
# text = Uico nih a ka dawi
# text_en = A dog chased me.
1	Uico	uico	NOUN	_	_	5	nsubj	_	dog
2	nih	nih	ADP	_	_	1	case	_	ERG
3	a	a	PRON	_	Number=Sing|Person=3	5	expl	_	3SG
4	ka	ka	PRON	_	Number=Sing|Person=1	5	obj	_	I
5	dawi	dawi	VERB	_	_	0	root	_	chase

# sent_id = 336
# text = Inn ah a ttin cang
# text_en = he had already gone home
1	Inn	inn	NOUN	_	_	4	obj	_	home
2	ah	ah	ADP	_	_	1	case	_	LOC
3	a	a	PRON	_	Number=Sing|Person=3	4	nsubj	_	he
4	ttin	ttin	VERB	_	_	0	root	_	to go home
5	cang	cang	ADV	_	_	4	advmod	_	already

# sent_id = 56
# text = Na fa a ttap tuk.
# text_en = Your child cry a lot.
1	Na	na	PRON	_	Number=Sing|Person=2	2	nmod:poss	_	your
2	fa	fal	NOUN	_	_	4	nsubj	_	child
3	a	a	PRON	_	Number=Sing|Person=3	4	expl	_	3SG
4	ttap	ttap	VERB	_	_	0	root	_	cry
5	tuk	tuk	ADV	_	_	4	advmod	_	a lot|SpaceAfter=No
6	.	PUNCT	PUNCT	_	_	4	punct	_	_

# sent_id = 250
# text = Na insurance min zei dah a si?
# text_en = What is the name of your health insurance plan?
1	Na	na	PRON	_	Number=Sing|Person=2	2	nmod:poss	_	your
2	insurance	insurance	NOUN	_	_	3	nmod:poss	_	health insurance
3	min	min	NOUN	_	_	0	root	_	name
4	zei	zei	ADJ	_	_	3	det	_	what
5	dah	dah	PART	_	_	3	case	_	WH
6	a	a	PRON	_	Number=Sing|Person=3	3	expl	_	expl
7	si	si	AUX	_	_	3	cop	_	is|SpaceAfter=No
8	?	PUNCT	PUNCT	_	_	3	punct	_	_

# sent_id = 352
# text = Siizun i sibawi nih sii an pek.
# text_en = The hospital’s doctor gave you medicine.
# comment = from field methods
1	Siizun	Siizun	NOUN	_	_	7	obj	_	hospital
2	i	i	PART	_	_	1	case	_	POSS
3	sibawi	sibawi	NOUN	_	_	7	nsubj	_	doctor
4	nih	nih	ADP	_	_	3	case	_	ERG
5	sii	sii	NOUN	_	_	7	obj	_	medicine
6	an	an	PRON	_	Number=Plur|Person=3	7	nsubj	_	you
7	pek	pek	VERB	_	_	0	root	_	give|SpaceAfter=No
8	.	PUNCT	PUNCT	_	_	7	punct	_	_

# sent_id = 107
# text = Hi uico cu a lian.
# text_en = This dog is big.
1	Hi	hi	DET	_	_	2	det	_	this
2	uico	uico	NOUN	_	_	5	nsubj	_	dog
3	cu	cu	PART	_	_	2	discourse	_	TOP
4	a	a	PRON	_	Number=Sing|Person=3	5	expl	_	3SG
5	lian	lian	VERB	_	_	0	root	_	big|SpaceAfter=No
6	.	PUNCT	PUNCT	_	_	5	punct	_	_

# sent_id = 366
# text = Hi seh nih hin thil a ttawl.
# text_en = This machine washes clothes.
# comment = from field methods
1	Hi	hi	DET	_	_	2	det	_	this
2	seh	seh	NOUN	_	_	7	nsubj	_	machine
3	nih	nih	ADP	_	_	2	case	_	ERG
4	hin	hin	DET	_	_	7	nsubj	_	DEM
5	thil	thil	NOUN	_	_	7	obj	_	clothes
6	a	a	PRON	_	Number=Sing|Person=3	7	expl	_	3SG
7	ttawl	ttawl	VERB	_	_	0	root	_	wash|SpaceAfter=No
8	.	PUNCT	PUNCT	_	_	7	punct	_	_

# sent_id = 126
# text = Khoika na kal lai?
# text_en = Where are you going?
1	Khoika	khoika	PRON	_	_	3	obj	_	where
2	na	na	PRON	_	Number=Sing|Person=2	3	nsubj	_	you
3	kal	kal	VERB	_	_	0	root	_	go
4	lai	lai	AUX	_	_	3	aux	_	ing|SpaceAfter=No
5	?	PUNCT	PUNCT	_	_	3	punct	_	_

# sent_id = 241
# text = Rian cu na kal lai maw?
# text_en = Are you going to work?
1	Rian	rian	NOUN	_	_	4	obj	_	work
2	cu	cu	PART	_	_	1	discourse	_	TOP
3	na	na	PRON	_	Number=Sing|Person=2	4	nsubj	_	you
4	kal	kal	VERB	_	_	0	root	_	go
5	lai	lai	AUX	_	_	4	aux	_	ing
6	maw	maw	PART	_	_	4	discourse	_	Q|SpaceAfter=No
7	?	PUNCT	PUNCT	_	_	4	punct	_	_

# sent_id = 234
# text = Phekah kaa ngol cang
# text_en = I have stopped gambling
1	Phekah	Phekah	ADV	_	_	3	advmod	_	gamble
2	kaa	ka	PRON	_	Number=Sing|Person=1	3	nsubj	_	I
3	ngol	ngol	VERB	_	_	0	root	_	stop
4	cang	cang	ADV	_	_	3	advmod	_	already

# sent_id = 24
# text = Hi hlei cu a kiak
# text_en = This ladder is broken.
1	Hi	hi	DET	_	_	2	det	_	this
2	hlei	hlei	NOUN	_	_	5	nsubj	_	ladder
3	cu	cu	PART	_	_	2	discourse	_	TOP
4	a	a	PRON	_	Number=Sing|Person=3	5	expl	_	3SG
5	kiak	kiak	VERB	_	_	0	root	_	break

# sent_id = 10
# text = Ka dir
# text_en = I stood up.
1	Ka	ka	PRON	_	Number=Sing|Person=1	2	nsubj	_	I
2	dir	dir	VERB	_	_	0	root	_	stood up

# sent_id = 207
# text = Palik na si
# text_en = You are a police officer
1	Palik	palik	NOUN	_	_	0	root	_	police officer
2	na	na	PRON	_	Number=Sing|Person=2	1	nsubj	_	you
3	si	si	AUX	_	_	1	cop	_	is

# sent_id = 400
# text = An ka hmuh.
# text_en = They see/saw me.
1	An	an	PRON	_	Number=Plur|Person=3	3	nsubj	_	they
2	ka	ka	PRON	_	Number=Sing|Person=2	3	obj	_	me
3	hmuh	hmuh	VERB	_	_	0	root	_	see|SpaceAfter=No
4	.	PUNCT	PUNCT	_	_	3	punct	_	_

# sent_id = 77
# text = Sibawi a si lo.
# text_en = He is not a doctor.
1	Sibawi	sibawi	NOUN	_	_	0	root	_	doctor
2	a	a	PRON	_	Number=Sing|Person=3	1	nsubj	_	he
3	si	si	AUX	_	_	1	cop	_	is
4	lo	lo	ADV	_	_	1	advmod	_	not|SpaceAfter=No
5	.	PUNCT	PUNCT	_	_	1	punct	_	_

# sent_id = 139
# text = Nemtein a holh
# text_en = he speaks softly
1	Nemtein	Nemtein	NOUN	_	_	3	nsubj	_	softly
2	a	a	PRON	_	Number=Sing|Person=3	3	expl	_	he
3	holh	holh	VERB	_	_	0	root	_	speak

# sent_id = 360
# text = Ka tta pa kha a niam tuk.
# text_en = My brother is very short.
# comment = from field methods
1	Ka	ka	PRON	_	Number=Sing|Person=1	2	nmod:poss	_	my
2	tta	tta	NOUN	_	_	6	nsubj	_	brother
3	pa	pa	PART	NOUN	Gender=Masc	2	case	_	male
4	kha	kha	DET	_	_	2	det	_	TOP
5	a	a	PRON	_	Number=Sing|Person=3	6	expl	_	3SG
6	niam	niam	VERB	_	_	0	root	_	short
7	tuk	tuk	ADV	_	_	6	advmod	_	very|SpaceAfter=No
8	.	PUNCT	PUNCT	_	_	6	punct	_	_

# sent_id = 91
# text = Ngakchia na dawi.
# text_en = You chased the child.
1	Ngakchia	ngakchia	NOUN	_	_	3	obj	_	child
2	na	na	PRON	_	Number=Sing|Person=2	3	nsubj	_	you
3	dawi	dawi	VERB	_	_	0	root	_	chase|SpaceAfter=No
4	.	PUNCT	PUNCT	_	_	3	punct	_	_

# sent_id = 134
# text = A nu cu Sung Ngen a si
# text_en = SungNgen is his mother
1	A	a	PRON	_	Number=Sing|Person=3	2	nmod:poss	_	his
2	nu	nu	NOUN	_	_	4	nsubj	_	mother
3	cu	cu	PART	_	_	2	discourse	_	TOP
4	Sung	sung	ADP	_	_	0	root	_	Sung
5	Ngen	Ngen	NOUN	_	_	7	obj	_	Ngen
6	a	a	PRON	_	Number=Sing|Person=3	7	expl	_	expl
7	si	si	AUX	_	_	4	cop	_	is

# sent_id = 165
# text = Ngaknu nih a ka mirh
# text_en = a young girl smiles at me
1	Ngaknu	Ngaknu	NOUN	_	_	5	nsubj	_	young girl
2	nih	nih	ADP	_	_	1	case	_	ERG
3	a	a	PRON	_	Number=Sing|Person=3	5	expl	_	expl
4	ka	ka	PRON	_	Number=Sing|Person=1	5	obj	_	me
5	mirh	mirh	VERB	_	_	0	root	_	smile

# sent_id = 71
# text = Kan it lo.
# text_en = We do not sleep.
1	Kan	kan	PRON	_	Number=Plur|Person=1	2	nsubj	_	we
2	it	it	VERB	_	_	0	root	_	sleep
3	lo	lo	ADV	_	_	2	advmod	_	not|SpaceAfter=No
4	.	PUNCT	PUNCT	_	_	2	punct	_	_

# sent_id = 353
# text = Ka ei lio.
# text_en = I am eating.
# comment = from field methods
1	Ka	ka	PRON	_	Number=Sing|Person=1	2	nsubj	_	I
2	ei	ei	VERB	_	_	0	root	_	eat
3	lio	lio	ADV	_	_	2	advmod	_	PROG|SpaceAfter=No
4	.	PUNCT	PUNCT	_	_	2	punct	_	_

# sent_id = 172
# text = Mileng nan ngei
# text_en = you have a visitor
1	Mileng	Mileng	NOUN	_	_	3	obj	_	visitor
2	nan	nan	PRON	_	Number=Plur|Person=2	3	nsubj	_	you PL
3	ngei	ngei	VERB	_	_	0	root	_	have

# sent_id = 2
# text = Indiana University ah sianginn ka kai.
# text_en = I go to school at Indiana University
1	Indiana	Indiana	PRON	_	Number=Plur|Person=2	2	nsubj	_	Indiana
2	University	University	VERB	_	_	6	advmod	_	University
3	ah	ah	ADP	_	_	2	case	_	at
4	sianginn	sianginn	NOUN	_	_	6	obj	_	school
5	ka	ka	PRON	_	Number=Sing|Person=1	6	nsubj	_	I
6	kai	kai	VERB	_	_	0	root	_	go|SpaceAfter=No
7	.	PUNCT	PUNCT	_	_	6	punct	_	_

# sent_id = 389
# text = Caw an hmuh.
# text_en = They saw the cow.
# comment = from field methods
1	Caw	caw	NOUN	_	_	3	obj	_	cow
2	an	an	PRON	_	Number=Plur|Person=3	3	nsubj	_	they
3	hmuh	hmuh	VERB	_	_	0	root	_	see|SpaceAfter=No
4	.	PUNCT	PUNCT	_	_	3	punct	_	_

# sent_id = 372
# text = Mei nih lo cu a khangh.
# text_en = The fire burned the field.
# comment = from field methods
1	Mei	mei	NOUN	_	_	6	nsubj	_	fire
2	nih	nih	ADP	_	_	1	case	_	ERG
3	lo	lo	NOUN	_	_	6	nsubj	_	field
4	cu	cu	PART	_	_	3	discourse	_	TOP
5	a	a	PRON	_	Number=Sing|Person=3	6	expl	_	3SG
6	khangh	khangh	VERB	_	_	0	root	_	burn|SpaceAfter=No
7	.	PUNCT	PUNCT	_	_	6	punct	_	_

# sent_id = 44
# text = Inn ah ka kal lai
# text_en = I shall go home.
1	Inn	inn	NOUN	_	_	4	obj	_	home
2	ah	ah	ADP	_	_	1	case	_	LOC
3	ka	ka	PRON	_	Number=Sing|Person=1	4	nsubj	_	I
4	kal	kal	VERB	_	_	0	root	_	go
5	lai	lai	AUX	_	_	4	aux	_	shall

# sent_id = 384
# text = Ngakchia na dawi hna.
# text_en = You chased the children.
# comment = from field methods
1	Ngakchia	ngakchia	NOUN	_	_	3	obj	_	children
2	na	na	PRON	_	Number=Sing|Person=2	3	nsubj	_	you
3	dawi	dawi	VERB	_	_	0	root	_	chase
4	hna	hna	PRON	_	Number=Plur	3	expl	_	3PL|SpaceAfter=No
5	.	PUNCT	PUNCT	_	_	3	punct	_	_

# sent_id = 96
# text= Nangmah nih chizawh na dawi
# text_en = You chased the cat
1	Nangmah	nangmah	PRON	_	Number=Sing|Person=1	5	nsubj	_	you
2	nih	nih	ADP	_	_	1	case	_	ERG
3	chizawh	chizawh	NOUN	_	_	5	obj	_	cat
4	na	na	PRON	_	Number=Sing|Person=2	5	nsubj	_	2SG
5	dawi	dawi	VERB	_	_	0	root	_	chase|SpaceAfter=No

# sent_id = 266
# text = Zei ruang ah dah caw na hren?
# text_en = Why did you tie the cow?
1	Zei	zei	PRON	_	_	2	nmod:poss	_	what
2	ruang	ruang	NOUN	_	_	7	obj	_	reason
3	ah	ah	ADP	_	_	2	case	_	case
4	dah	dah	PART	_	_	2	compound	_	WH
5	caw	caw	NOUN	_	_	7	obj	_	cow
6	na	na	PRON	_	Number=Sing|Person=2	7	nsubj	_	you
7	hren	hren	VERB	_	_	0	root	_	cow|SpaceAfter=No
8	?	PUNCT	PUNCT	_	_	7	punct	_	_

# sent_id = 74
# text = Sibawi an si.
# text_en = They are doctors.
1	Sibawi	sibawi	NOUN	_	_	0	root	_	doctor
2	an	an	PRON	_	Number=Plur|Person=3	1	nsubj	_	they
3	si	si	AUX	_	_	1	cop	_	is|SpaceAfter=No
4	.	PUNCT	PUNCT	_	_	1	punct	_	_

# sent_id = 395
# text = Kan kal.
# text_en = We go/went.
# comment = Bedell 1995 number 4
1	Kan	kan	PRON	_	Number=Plur|Person=1	2	nsubj	_	we
2	kal	kal	VERB	_	_	0	root	_	go|SpaceAfter=No
3	.	PUNCT	PUNCT	_	_	2	punct	_	_

# sent_id = 325
# text = Amah pa nih cafung a khiak maw?
# text_en = did he snap the pencil?
1	Amah	amah	PRON	_	Gender=Masc	6	nsubj	_	he
2	pa	pa	PART	_	Gender=Masc	1	case	_	male
3	nih	nih	ADP	_	_	1	case	_	ERG
4	cafung	cafung	NOUN	_	_	6	obj	_	pen
5	a	a	PRON	_	Number=Sing|Person=3	6	nsubj	_	expl
6	khiak	khiak	VERB	_	_	0	root	_	break
7	maw	maw	PART	_	_	6	discourse	_	Q|SpaceAfter=No
8	?	PUNCT	PUNCT	_	_	6	punct	_	_

# sent_id = 201
# text = Tlawmpal ah ka kal lai
# text_en = I will go in a moment
1	Tlawmpal	Tlawmpal	NOUN	_	_	4	obj	_	in time
2	ah	ah	ADP	_	_	1	case	_	TIME
3	ka	ka	PRON	_	Number=Sing|Person=1	4	nsubj	_	I
4	kal	kal	VERB	_	_	0	root	_	go
5	lai	lai	AUX	_	_	4	aux	_	will

# sent_id = 294
# text = Rawl ka ei hnu ah ka it te lai
# text_en = After I eat I will go to bed
1	Rawl	rawl	NOUN	_	_	3	obj	_	food
2	ka	ka	PRON	_	Number=Sing|Person=1	3	nsubj	_	I
3	ei	ei	VERB	_	_	7	iobj	_	eat
4	hnu	hnu	NOUN	_	_	7	obj	_	after
5	ah	ah	ADP	_	_	4	case	_	TEMPORAL
6	ka	ka	PRON	_	Number=Sing|Person=1	7	nsubj	_	I
7	it	it	VERB	_	_	0	root	_	sleep
8	te	te	ADV	VERB	_	7	advmod	_	indicator of future
9	lai	lai	AUX	_	_	7	aux	_	will

